{
  "RSpec": {
    "coverage": {
      "/Users/akshitmeghawat/Documents/wealth/lib/currency.rb": [
        1
      ],
      "/Users/akshitmeghawat/Documents/wealth/lib/currency/money.rb": [
        null,
        1,
        null,
        1,
        null,
        1,
        46,
        null,
        null,
        1,
        16,
        null,
        null,
        1,
        13,
        null,
        null,
        1,
        6,
        null,
        null,
        1,
        4,
        null,
        null,
        1,
        3,
        null,
        null,
        1,
        3,
        null,
        null,
        1,
        3,
        null,
        null,
        1,
        14,
        12,
        null,
        null,
        1,
        null,
        null
      ]
    },
    "timestamp": 1422856067
  }
}
