{
  "RSpec": {
    "coverage": {
      "/Users/akshitmeghawat/Documents/wealth/lib/currency.rb": [
        1
      ],
      "/Users/akshitmeghawat/Documents/wealth/lib/currency/money.rb": [
        null,
        1,
        null,
        1,
        null,
        1,
        null,
        1,
        59,
        null,
        null,
        1,
        9,
        null,
        null,
        1,
        26,
        null,
        null,
        1,
        14,
        null,
        null,
        1,
        6,
        null,
        null,
        1,
        4,
        null,
        null,
        1,
        3,
        null,
        null,
        1,
        3,
        null,
        null,
        1,
        3,
        null,
        null,
        1,
        15,
        13,
        null,
        null,
        1,
        7,
        null,
        null,
        1,
        null,
        null
      ]
    },
    "timestamp": 1422869887
  }
}
